.android/plugins_build_output/talkjs_flutter_inappwebview/outputs/mapping/release/seeds.txt
com.pichillilorenzo.flutter_inappwebview.webview.in_app_webview.InputAwareWebView$1: void run()
com.pichillilorenzo.flutter_inappwebview.webview.in_app_webview.InAppWebViewClientCompat: void allowShouldOverrideUrlLoading(android.webkit.WebView,java.lang.String,java.util.Map,boolean)
com.pichillilorenzo.flutter_inappwebview.webview.web_message.WebMessageListener: boolean isOriginAllowed(java.lang.String,java.lang.String,int)
com.pichillilorenzo.flutter_inappwebview.in_app_browser.InAppBrowserManager: void onMethodCall(io.flutter.plugin.common.MethodCall,io.flutter.plugin.common.MethodChannel$Result)
com.pichillilorenzo.flutter_inappwebview.types.UserScriptInjectionTime: com.pichillilorenzo.flutter_inappwebview.types.UserScriptInjectionTime valueOf(java.lang.String)
com.pichillilorenzo.flutter_inappwebview.service_worker.ServiceWorkerManager: androidx.webkit.ServiceWorkerClientCompat dummyServiceWorkerClientCompat()
com.pichillilorenzo.flutter_inappwebview.types.JsBeforeUnloadResponse: boolean isHandledByClient()
com.pichillilorenzo.flutter_inappwebview.proxy.ProxyManager: void setProxyOverride(com.pichillilorenzo.flutter_inappwebview.proxy.ProxySettings,io.flutter.plugin.common.MethodChannel$Result)
com.pichillilorenzo.flutter_inappwebview.types.JsBeforeUnloadResponse: int hashCode()
com.pichillilorenzo.flutter_inappwebview.webview.ContextMenuSettings: com.pichillilorenzo.flutter_inappwebview.ISettings parse(java.util.Map)
com.pichillilorenzo.flutter_inappwebview.webview.WebViewChannelDelegate$ShouldInterceptRequestCallback: WebViewChannelDelegate$ShouldInterceptRequestCallback()
com.pichillilorenzo.flutter_inappwebview.webview.InAppWebViewInterface: int getContentHeight()
com.pichillilorenzo.flutter_inappwebview.chrome_custom_tabs.ChromeCustomTabsActivity$2: void extraCallback(java.lang.String,android.os.Bundle)
com.pichillilorenzo.flutter_inappwebview.types.WebResourceRequestExt: int hashCode()
com.pichillilorenzo.flutter_inappwebview.types.MediaSizeExt: java.lang.String getId()
com.pichillilorenzo.flutter_inappwebview.webview.in_app_webview.InAppWebView: void getContentHeight(android.webkit.ValueCallback)
com.pichillilorenzo.flutter_inappwebview.Util$1: Util$1(io.flutter.plugin.common.MethodChannel,java.lang.String,java.lang.Object,com.pichillilorenzo.flutter_inappwebview.types.SyncBaseCallbackResultImpl)
com.pichillilorenzo.flutter_inappwebview.chrome_custom_tabs.ServiceConnection: ServiceConnection(com.pichillilorenzo.flutter_inappwebview.chrome_custom_tabs.ServiceConnectionCallback)
com.pichillilorenzo.flutter_inappwebview.types.UserContentController: java.util.LinkedHashSet getPluginScriptsRequiredInAllContentWorlds()
com.pichillilorenzo.flutter_inappwebview.webview.in_app_webview.InAppWebView$18: void onReceiveValue(java.lang.Object)
com.pichillilorenzo.flutter_inappwebview.webview.InAppWebViewInterface: void setInFullscreen(boolean)
com.pichillilorenzo.flutter_inappwebview.print_job.PrintJobManager: void dispose()
com.pichillilorenzo.flutter_inappwebview.webview.in_app_webview.InAppWebViewClientCompat$4: void error(java.lang.String,java.lang.String,java.lang.Object)
com.pichillilorenzo.flutter_inappwebview.webview.WebViewChannelDelegate$2: void onReceiveValue(java.lang.Object)
com.pichillilorenzo.flutter_inappwebview.MyCookieManager$1: MyCookieManager$1(com.pichillilorenzo.flutter_inappwebview.MyCookieManager,io.flutter.plugin.common.MethodChannel$Result)
com.pichillilorenzo.flutter_inappwebview.types.ClientCertResponse: void setCertificatePassword(java.lang.String)
com.pichillilorenzo.flutter_inappwebview.types.JsConfirmResponse: void setAction(java.lang.Integer)
com.pichillilorenzo.flutter_inappwebview.webview.in_app_webview.InAppWebViewClient: void onPageFinished(android.webkit.WebView,java.lang.String)
com.pichillilorenzo.flutter_inappwebview.types.URLCredential: java.util.Map toMap()
com.pichillilorenzo.flutter_inappwebview.types.CustomSchemeResponse: CustomSchemeResponse(byte[],java.lang.String,java.lang.String)